<?xml version="1.0" encoding="UTF-8"?>
<!-- Generated by org.testng.reporters.JUnitReportReporter -->
<testsuite hostname="Nigorushka-Air.lan" failures="0" tests="1" name="RestAssured_Test.SOAPXMLRequest" time="1.079" errors="0" timestamp="2023-11-22T18:58:49 CST" skipped="0">
  <testcase classname="RestAssured_Test.SOAPXMLRequest" name="validateSoapXML" time="1.079"/>
</testsuite> <!-- RestAssured_Test.SOAPXMLRequest -->
