<?xml version="1.0" encoding="UTF-8"?>
<!-- Generated by org.testng.reporters.JUnitReportReporter -->
<testsuite hostname="Nigorushka-Air.lan" failures="0" tests="1" name="soaptest.XMLSchemaValidation" time="1.904" errors="0" timestamp="2023-11-23T19:57:56 CST" skipped="0">
  <testcase classname="soaptest.XMLSchemaValidation" name="schemaValidation" time="1.904"/>
</testsuite> <!-- soaptest.XMLSchemaValidation -->
