<?xml version="1.0" encoding="UTF-8"?>
<!-- Generated by org.testng.reporters.JUnitReportReporter -->
<testsuite hostname="Nigorushka-Air.lan" failures="0" tests="1" name="RestAssured_Test.Tets_PATCH" time="1.052" errors="0" timestamp="2023-04-19T23:27:55 CDT" skipped="0">
  <testcase classname="RestAssured_Test.Tets_PATCH" name="test_1_put" time="1.052"/>
  <system-out/>
</testsuite> <!-- RestAssured_Test.Tets_PATCH -->
