<?xml version="1.0" encoding="UTF-8"?>
<!-- Generated by org.testng.reporters.JUnitReportReporter -->
<testsuite hostname="Nigorushka-Air.lan" failures="0" tests="1" name="RestAssured_Test.Test01_GET" time="1.062" errors="0" timestamp="2023-11-18T10:25:21 CST" skipped="0">
  <testcase classname="RestAssured_Test.Test01_GET" name="test_02" time="1.062"/>
</testsuite> <!-- RestAssured_Test.Test01_GET -->
