<?xml version="1.0" encoding="UTF-8"?>
<!-- Generated by org.testng.reporters.JUnitReportReporter -->
<testsuite hostname="Nigorushka-Air.lan" failures="0" tests="1" name="RestAssured_Test.Test_GET" time="0.952" errors="0" timestamp="2023-11-20T00:27:49 CST" skipped="0">
  <testcase classname="RestAssured_Test.Test_GET" name="test_1" time="0.952"/>
</testsuite> <!-- RestAssured_Test.Test_GET -->
