<?xml version="1.0" encoding="UTF-8"?>
<!-- Generated by org.testng.reporters.JUnitReportReporter -->
<testsuite hostname="Nigorushka-Air.lan" failures="0" tests="1" name="RestAssured_Test.Test_DELETE" time="1.006" errors="0" timestamp="2023-04-19T23:32:33 CDT" skipped="0">
  <testcase classname="RestAssured_Test.Test_DELETE" name="test_1_delete" time="1.006"/>
  <system-out/>
</testsuite> <!-- RestAssured_Test.Test_DELETE -->
