<?xml version="1.0" encoding="UTF-8"?>
<!-- Generated by org.testng.reporters.JUnitReportReporter -->
<testsuite hostname="Nigorushka-Air.lan" failures="0" tests="1" name="RestAssured_Test.PutPatchAndDeleteExamples" time="0.975" errors="0" timestamp="2023-08-01T22:52:27 CDT" skipped="0">
  <testcase classname="RestAssured_Test.PutPatchAndDeleteExamples" name="deleteTest" time="0.975"/>
</testsuite> <!-- RestAssured_Test.PutPatchAndDeleteExamples -->
