<?xml version="1.0" encoding="UTF-8"?>
<!-- Generated by org.testng.reporters.JUnitReportReporter -->
<testsuite hostname="Nigorushka-Air.lan" failures="0" tests="1" name="RestAssured_Test.Test_POST" time="1.074" errors="0" timestamp="2023-04-19T23:22:01 CDT" skipped="0">
  <testcase classname="RestAssured_Test.Test_POST" name="test_1" time="1.074"/>
  <system-out/>
</testsuite> <!-- RestAssured_Test.Test_POST -->
