<?xml version="1.0" encoding="UTF-8"?>
<!-- Generated by org.testng.reporters.JUnitReportReporter -->
<testsuite hostname="Nigorushka-Air.lan" failures="0" tests="1" name="RestAssured_Test.GetAndPostExamples" time="1.076" errors="0" timestamp="2023-08-01T21:00:38 CDT" skipped="0">
  <testcase classname="RestAssured_Test.GetAndPostExamples" name="testPost" time="1.076"/>
</testsuite> <!-- RestAssured_Test.GetAndPostExamples -->
