<?xml version="1.0" encoding="UTF-8"?>
<!-- Generated by org.testng.reporters.JUnitReportReporter -->
<testsuite hostname="Nigorushka-Air.lan" failures="0" tests="1" name="RestAssured_Test.TestOnLocalAPI" time="0.533" errors="0" timestamp="2023-11-21T19:03:10 CST" skipped="0">
  <testcase classname="RestAssured_Test.TestOnLocalAPI" name="test_delete" time="0.533"/>
</testsuite> <!-- RestAssured_Test.TestOnLocalAPI -->
