<?xml version="1.0" encoding="UTF-8"?>
<!-- Generated by org.testng.reporters.JUnitReportReporter -->
<testsuite hostname="Nigorushka-Air.lan" failures="0" tests="1" name="RestAssured_Test.JSONSchemaValidator" time="0.958" errors="0" timestamp="2023-11-22T15:52:30 CST" skipped="0">
  <testcase classname="RestAssured_Test.JSONSchemaValidator" name="test_1" time="0.958"/>
</testsuite> <!-- RestAssured_Test.JSONSchemaValidator -->
