<?xml version="1.0" encoding="UTF-8"?>
<!-- Generated by org.testng.reporters.JUnitReportReporter -->
<testsuite hostname="Nigorushka-Air.lan" failures="0" tests="1" name="RestAssured_Test.TestOnLocalAPI$Test_GET" time="0.033" errors="0" timestamp="2023-11-21T18:50:17 CST" skipped="0">
  <testcase classname="RestAssured_Test.TestOnLocalAPI$Test_GET" name="test_GET" time="0.033"/>
</testsuite> <!-- RestAssured_Test.TestOnLocalAPI$Test_GET -->
