<?xml version="1.0" encoding="UTF-8"?>
<!-- Generated by org.testng.reporters.JUnitReportReporter -->
<testsuite hostname="Nigorushka-Air.lan" failures="0" tests="1" name="RestAssured_Test.XMLSchemaValidation" time="1.525" errors="0" timestamp="2023-11-22T19:02:19 CST" skipped="0">
  <testcase classname="RestAssured_Test.XMLSchemaValidation" name="schemaValidation" time="1.525"/>
</testsuite> <!-- RestAssured_Test.XMLSchemaValidation -->
